Determining if the pthread_create exist failed with the following output:
Change Dir: /home/simone/pruner/sword-rt/lib/rtl/build/CMakeFiles/CMakeTmp

Run Build Command:"/usr/bin/ninja" "cmTC_d2466"
[1/2] Building C object CMakeFiles/cmTC_d2466.dir/CheckSymbolExists.c.o
[2/2] Linking C executable cmTC_d2466
FAILED: : && /usr/bin/cc  -fPIC   CMakeFiles/cmTC_d2466.dir/CheckSymbolExists.c.o  -o cmTC_d2466   && :
CMakeFiles/cmTC_d2466.dir/CheckSymbolExists.c.o: In function `main':
CheckSymbolExists.c:(.text+0x1b): undefined reference to `pthread_create'
collect2: error: ld returned 1 exit status
ninja: build stopped: subcommand failed.

File /home/simone/pruner/sword-rt/lib/rtl/build/CMakeFiles/CMakeTmp/CheckSymbolExists.c:
/* */
#include <pthread.h>

int main(int argc, char** argv)
{
  (void)argv;
#ifndef pthread_create
  return ((int*)(&pthread_create))[argc];
#else
  (void)argc;
  return 0;
#endif
}

Determining if the function pthread_create exists in the pthreads failed with the following output:
Change Dir: /home/simone/pruner/sword-rt/lib/rtl/build/CMakeFiles/CMakeTmp

Run Build Command:"/usr/bin/ninja" "cmTC_52bd4"
[1/2] Building C object CMakeFiles/cmTC_52bd4.dir/CheckFunctionExists.c.o
[2/2] Linking C executable cmTC_52bd4
FAILED: : && /usr/bin/cc  -fPIC -DCHECK_FUNCTION_EXISTS=pthread_create   CMakeFiles/cmTC_52bd4.dir/CheckFunctionExists.c.o  -o cmTC_52bd4  -lpthreads && :
/usr/bin/ld: cannot find -lpthreads
collect2: error: ld returned 1 exit status
ninja: build stopped: subcommand failed.


